[16:01:32.629][INFO][CraftTweaker-EarlyInit]: CraftTweaker is running on a Minecraft 1.20.1 production client modded with platform Forge
[16:01:32.665][INFO][JEITweaker]: Identified JeiTweaker plugin 'jeitweaker:forge': loading scheduled
[16:01:32.667][INFO][JEITweaker]: Identified JeiTweaker plugin 'jeitweaker:common': loading scheduled
[16:01:32.667][INFO][CraftTweaker-EarlyInit]: Successfully injected RecipeFS file system
[16:01:32.727][INFO][CraftTweaker-Plugins]: Successfully identified and loaded plugin farmersdelight:crafttweaker_plugin
[16:01:32.730][INFO][CraftTweaker-Plugins]: Successfully identified and loaded plugin jeitweaker:common
[16:01:32.758][INFO][CraftTweaker-Plugins]: Successfully identified and loaded plugin crafttweaker:builtin
[16:01:32.760][INFO][CraftTweaker-Plugins]: Successfully identified and loaded plugin crafttweaker:builtin_forge
[16:01:32.767][INFO][CraftTweaker-Plugins]: Successfully identified and loaded plugin createtweaker:main
[16:01:32.768][INFO][CraftTweaker-Plugins]: Successfully identified and loaded plugin createtweaker:sifter
[16:01:32.782][INFO][JEITweaker]: JEITweaker Environmental Check: the combination of mods [jei] is fully supported
[16:01:32.782][INFO][JEITweaker]: Running JeiTweaker plugin initialization
[16:01:32.798][INFO][JEITweaker]: JeiTweaker plugin initialization completed successfully
[16:01:33.756][INFO][CraftTweaker]: The following mods have explicit CraftTweaker support through the default plugin:
[16:01:33.757][INFO][CraftTweaker]: - 'crafttweaker' at version '14.0.27'
[16:01:33.757][INFO][CraftTweaker]: - 'createsifter' at version '1.20.1-1.8.1.e-22'
[16:01:33.757][INFO][CraftTweaker]: - 'createtweaker' at version '4.0.7'
[16:01:33.757][INFO][CraftTweaker]: - 'farmersdelight' at version '1.20.1-1.2.3'
[16:01:33.757][INFO][CraftTweaker]: - 'jeitweaker' at version '8.0.6'
[16:01:36.047][INFO][CraftTweaker-ZenCode]: Started loading scripts for loader 'initialize'
[16:01:36.523][INFO][CraftTweaker-ZenCode]: Compiling and executing scripts
[16:01:36.580][INFO][CraftTweaker-ZenCode]: Successfully initialized modules [crafttweaker, expansions]
[16:01:36.759][INFO][CraftTweaker-ZenCode]: Execution for loader 'initialize' completed successfully
